<?xml version="1.0" encoding="UTF-8"?>
<!-- Generated by org.testng.reporters.JUnitXMLReporter -->
<testsuite hostname="Marifats-MacBook-Pro.local" ignored="0" name="Default test" tests="3" failures="0" timestamp="08 Mar 2018 02:58:11 GMT" time="10.452" errors="0">
  <testcase name="defaultMonthlyBillTest" time="1.091" classname="com.amazonAWS.tests.AWS_Calculator_Tests"/>
  <testcase name="addedEC_2DefaultValuesTest" time="1.597" classname="com.amazonAWS.tests.AWS_Calculator_Tests"/>
  <testcase name="clearFormTest" time="6.437" classname="com.amazonAWS.tests.AWS_Calculator_Tests"/>
</testsuite> <!-- Default test -->
