<?xml version="1.0" encoding="UTF-8"?>
<testng-results skipped="0" failed="0" ignored="0" total="3" passed="3">
  <reporter-output>
  </reporter-output>
  <suite name="Default suite" duration-ms="10452" started-at="2018-03-08T02:58:01Z" finished-at="2018-03-08T02:58:11Z">
    <groups>
    </groups>
    <test name="Default test" duration-ms="10452" started-at="2018-03-08T02:58:01Z" finished-at="2018-03-08T02:58:11Z">
      <class name="com.amazonAWS.tests.AWS_Calculator_Tests">
        <test-method status="PASS" signature="setUp(java.lang.String)[pri:0, instance:com.amazonAWS.tests.AWS_Calculator_Tests@6f01b95f]" name="setUp" is-config="true" duration-ms="1301" started-at="2018-03-07T21:58:01Z" finished-at="2018-03-07T21:58:02Z">
          <params>
            <param index="0">
              <value is-null="true"/>
            </param>
          </params>
          <reporter-output>
          </reporter-output>
        </test-method> <!-- setUp -->
        <test-method status="PASS" signature="defaultMonthlyBillTest()[pri:0, instance:com.amazonAWS.tests.AWS_Calculator_Tests@6f01b95f]" name="defaultMonthlyBillTest" duration-ms="1091" started-at="2018-03-07T21:58:02Z" description="Monthly bill should be $0.00 by default" finished-at="2018-03-07T21:58:03Z">
          <reporter-output>
          </reporter-output>
        </test-method> <!-- defaultMonthlyBillTest -->
        <test-method status="PASS" signature="addedEC_2DefaultValuesTest()[pri:1, instance:com.amazonAWS.tests.AWS_Calculator_Tests@6f01b95f]" name="addedEC_2DefaultValuesTest" duration-ms="1597" started-at="2018-03-07T21:58:03Z" finished-at="2018-03-07T21:58:05Z">
          <reporter-output>
          </reporter-output>
        </test-method> <!-- addedEC_2DefaultValuesTest -->
        <test-method status="PASS" signature="clearFormTest()[pri:2, instance:com.amazonAWS.tests.AWS_Calculator_Tests@6f01b95f]" name="clearFormTest" duration-ms="6437" started-at="2018-03-07T21:58:05Z" finished-at="2018-03-07T21:58:11Z">
          <reporter-output>
          </reporter-output>
        </test-method> <!-- clearFormTest -->
        <test-method status="PASS" signature="tearDown()[pri:0, instance:com.amazonAWS.tests.AWS_Calculator_Tests@6f01b95f]" name="tearDown" is-config="true" duration-ms="0" started-at="2018-03-07T21:58:11Z" finished-at="2018-03-07T21:58:11Z">
          <reporter-output>
          </reporter-output>
        </test-method> <!-- tearDown -->
      </class> <!-- com.amazonAWS.tests.AWS_Calculator_Tests -->
    </test> <!-- Default test -->
  </suite> <!-- Default suite -->
</testng-results>
